<?xml version="1.0" encoding="UTF-8"?>
<testsuite name="ru.stqa.pft.addressbook.tests.GroupDeletionTests" tests="1" skipped="0" failures="0" errors="0" timestamp="2018-08-17T16:59:51" hostname="LAPTOP-VU4IDOP6" time="5.977">
  <properties/>
  <testcase name="testGroupDeletion" classname="ru.stqa.pft.addressbook.tests.GroupDeletionTests" time="5.977"/>
  <system-out><![CDATA[Hibernate: select groupdata0_.group_id as group_id1_2_, groupdata0_.group_footer as group_fo2_2_, groupdata0_.group_header as group_he3_2_, groupdata0_.group_name as group_na4_2_ from group_list groupdata0_
Hibernate: select addresses0_.group_id as group_id2_0_0_, addresses0_.id as id1_0_0_, addressdat1_.id as id1_1_1_, addressdat1_.address as address2_1_1_, addressdat1_.email as email3_1_1_, addressdat1_.firstname as firstnam4_1_1_, addressdat1_.home as home5_1_1_, addressdat1_.lastname as lastname6_1_1_, addressdat1_.mobile as mobile7_1_1_, addressdat1_.photo as photo8_1_1_, addressdat1_.address2 as address9_1_1_, addressdat1_.email2 as email10_1_1_, addressdat1_.email3 as email11_1_1_, addressdat1_.work as work12_1_1_ from address_in_groups addresses0_ inner join addressbook addressdat1_ on addresses0_.id=addressdat1_.id where addresses0_.group_id=?
Hibernate: select addresses0_.group_id as group_id2_0_0_, addresses0_.id as id1_0_0_, addressdat1_.id as id1_1_1_, addressdat1_.address as address2_1_1_, addressdat1_.email as email3_1_1_, addressdat1_.firstname as firstnam4_1_1_, addressdat1_.home as home5_1_1_, addressdat1_.lastname as lastname6_1_1_, addressdat1_.mobile as mobile7_1_1_, addressdat1_.photo as photo8_1_1_, addressdat1_.address2 as address9_1_1_, addressdat1_.email2 as email10_1_1_, addressdat1_.email3 as email11_1_1_, addressdat1_.work as work12_1_1_ from address_in_groups addresses0_ inner join addressbook addressdat1_ on addresses0_.id=addressdat1_.id where addresses0_.group_id=?
Hibernate: select addresses0_.group_id as group_id2_0_0_, addresses0_.id as id1_0_0_, addressdat1_.id as id1_1_1_, addressdat1_.address as address2_1_1_, addressdat1_.email as email3_1_1_, addressdat1_.firstname as firstnam4_1_1_, addressdat1_.home as home5_1_1_, addressdat1_.lastname as lastname6_1_1_, addressdat1_.mobile as mobile7_1_1_, addressdat1_.photo as photo8_1_1_, addressdat1_.address2 as address9_1_1_, addressdat1_.email2 as email10_1_1_, addressdat1_.email3 as email11_1_1_, addressdat1_.work as work12_1_1_ from address_in_groups addresses0_ inner join addressbook addressdat1_ on addresses0_.id=addressdat1_.id where addresses0_.group_id=?
Hibernate: select addresses0_.group_id as group_id2_0_0_, addresses0_.id as id1_0_0_, addressdat1_.id as id1_1_1_, addressdat1_.address as address2_1_1_, addressdat1_.email as email3_1_1_, addressdat1_.firstname as firstnam4_1_1_, addressdat1_.home as home5_1_1_, addressdat1_.lastname as lastname6_1_1_, addressdat1_.mobile as mobile7_1_1_, addressdat1_.photo as photo8_1_1_, addressdat1_.address2 as address9_1_1_, addressdat1_.email2 as email10_1_1_, addressdat1_.email3 as email11_1_1_, addressdat1_.work as work12_1_1_ from address_in_groups addresses0_ inner join addressbook addressdat1_ on addresses0_.id=addressdat1_.id where addresses0_.group_id=?
Hibernate: select addresses0_.group_id as group_id2_0_0_, addresses0_.id as id1_0_0_, addressdat1_.id as id1_1_1_, addressdat1_.address as address2_1_1_, addressdat1_.email as email3_1_1_, addressdat1_.firstname as firstnam4_1_1_, addressdat1_.home as home5_1_1_, addressdat1_.lastname as lastname6_1_1_, addressdat1_.mobile as mobile7_1_1_, addressdat1_.photo as photo8_1_1_, addressdat1_.address2 as address9_1_1_, addressdat1_.email2 as email10_1_1_, addressdat1_.email3 as email11_1_1_, addressdat1_.work as work12_1_1_ from address_in_groups addresses0_ inner join addressbook addressdat1_ on addresses0_.id=addressdat1_.id where addresses0_.group_id=?
Hibernate: select addresses0_.group_id as group_id2_0_0_, addresses0_.id as id1_0_0_, addressdat1_.id as id1_1_1_, addressdat1_.address as address2_1_1_, addressdat1_.email as email3_1_1_, addressdat1_.firstname as firstnam4_1_1_, addressdat1_.home as home5_1_1_, addressdat1_.lastname as lastname6_1_1_, addressdat1_.mobile as mobile7_1_1_, addressdat1_.photo as photo8_1_1_, addressdat1_.address2 as address9_1_1_, addressdat1_.email2 as email10_1_1_, addressdat1_.email3 as email11_1_1_, addressdat1_.work as work12_1_1_ from address_in_groups addresses0_ inner join addressbook addressdat1_ on addresses0_.id=addressdat1_.id where addresses0_.group_id=?
Hibernate: select addresses0_.group_id as group_id2_0_0_, addresses0_.id as id1_0_0_, addressdat1_.id as id1_1_1_, addressdat1_.address as address2_1_1_, addressdat1_.email as email3_1_1_, addressdat1_.firstname as firstnam4_1_1_, addressdat1_.home as home5_1_1_, addressdat1_.lastname as lastname6_1_1_, addressdat1_.mobile as mobile7_1_1_, addressdat1_.photo as photo8_1_1_, addressdat1_.address2 as address9_1_1_, addressdat1_.email2 as email10_1_1_, addressdat1_.email3 as email11_1_1_, addressdat1_.work as work12_1_1_ from address_in_groups addresses0_ inner join addressbook addressdat1_ on addresses0_.id=addressdat1_.id where addresses0_.group_id=?
Hibernate: select addresses0_.group_id as group_id2_0_0_, addresses0_.id as id1_0_0_, addressdat1_.id as id1_1_1_, addressdat1_.address as address2_1_1_, addressdat1_.email as email3_1_1_, addressdat1_.firstname as firstnam4_1_1_, addressdat1_.home as home5_1_1_, addressdat1_.lastname as lastname6_1_1_, addressdat1_.mobile as mobile7_1_1_, addressdat1_.photo as photo8_1_1_, addressdat1_.address2 as address9_1_1_, addressdat1_.email2 as email10_1_1_, addressdat1_.email3 as email11_1_1_, addressdat1_.work as work12_1_1_ from address_in_groups addresses0_ inner join addressbook addressdat1_ on addresses0_.id=addressdat1_.id where addresses0_.group_id=?
Hibernate: select addresses0_.group_id as group_id2_0_0_, addresses0_.id as id1_0_0_, addressdat1_.id as id1_1_1_, addressdat1_.address as address2_1_1_, addressdat1_.email as email3_1_1_, addressdat1_.firstname as firstnam4_1_1_, addressdat1_.home as home5_1_1_, addressdat1_.lastname as lastname6_1_1_, addressdat1_.mobile as mobile7_1_1_, addressdat1_.photo as photo8_1_1_, addressdat1_.address2 as address9_1_1_, addressdat1_.email2 as email10_1_1_, addressdat1_.email3 as email11_1_1_, addressdat1_.work as work12_1_1_ from address_in_groups addresses0_ inner join addressbook addressdat1_ on addresses0_.id=addressdat1_.id where addresses0_.group_id=?
Hibernate: select addresses0_.group_id as group_id2_0_0_, addresses0_.id as id1_0_0_, addressdat1_.id as id1_1_1_, addressdat1_.address as address2_1_1_, addressdat1_.email as email3_1_1_, addressdat1_.firstname as firstnam4_1_1_, addressdat1_.home as home5_1_1_, addressdat1_.lastname as lastname6_1_1_, addressdat1_.mobile as mobile7_1_1_, addressdat1_.photo as photo8_1_1_, addressdat1_.address2 as address9_1_1_, addressdat1_.email2 as email10_1_1_, addressdat1_.email3 as email11_1_1_, addressdat1_.work as work12_1_1_ from address_in_groups addresses0_ inner join addressbook addressdat1_ on addresses0_.id=addressdat1_.id where addresses0_.group_id=?
Hibernate: select addresses0_.group_id as group_id2_0_0_, addresses0_.id as id1_0_0_, addressdat1_.id as id1_1_1_, addressdat1_.address as address2_1_1_, addressdat1_.email as email3_1_1_, addressdat1_.firstname as firstnam4_1_1_, addressdat1_.home as home5_1_1_, addressdat1_.lastname as lastname6_1_1_, addressdat1_.mobile as mobile7_1_1_, addressdat1_.photo as photo8_1_1_, addressdat1_.address2 as address9_1_1_, addressdat1_.email2 as email10_1_1_, addressdat1_.email3 as email11_1_1_, addressdat1_.work as work12_1_1_ from address_in_groups addresses0_ inner join addressbook addressdat1_ on addresses0_.id=addressdat1_.id where addresses0_.group_id=?
Hibernate: select addresses0_.group_id as group_id2_0_0_, addresses0_.id as id1_0_0_, addressdat1_.id as id1_1_1_, addressdat1_.address as address2_1_1_, addressdat1_.email as email3_1_1_, addressdat1_.firstname as firstnam4_1_1_, addressdat1_.home as home5_1_1_, addressdat1_.lastname as lastname6_1_1_, addressdat1_.mobile as mobile7_1_1_, addressdat1_.photo as photo8_1_1_, addressdat1_.address2 as address9_1_1_, addressdat1_.email2 as email10_1_1_, addressdat1_.email3 as email11_1_1_, addressdat1_.work as work12_1_1_ from address_in_groups addresses0_ inner join addressbook addressdat1_ on addresses0_.id=addressdat1_.id where addresses0_.group_id=?
Hibernate: select addresses0_.group_id as group_id2_0_0_, addresses0_.id as id1_0_0_, addressdat1_.id as id1_1_1_, addressdat1_.address as address2_1_1_, addressdat1_.email as email3_1_1_, addressdat1_.firstname as firstnam4_1_1_, addressdat1_.home as home5_1_1_, addressdat1_.lastname as lastname6_1_1_, addressdat1_.mobile as mobile7_1_1_, addressdat1_.photo as photo8_1_1_, addressdat1_.address2 as address9_1_1_, addressdat1_.email2 as email10_1_1_, addressdat1_.email3 as email11_1_1_, addressdat1_.work as work12_1_1_ from address_in_groups addresses0_ inner join addressbook addressdat1_ on addresses0_.id=addressdat1_.id where addresses0_.group_id=?
Hibernate: select addresses0_.group_id as group_id2_0_0_, addresses0_.id as id1_0_0_, addressdat1_.id as id1_1_1_, addressdat1_.address as address2_1_1_, addressdat1_.email as email3_1_1_, addressdat1_.firstname as firstnam4_1_1_, addressdat1_.home as home5_1_1_, addressdat1_.lastname as lastname6_1_1_, addressdat1_.mobile as mobile7_1_1_, addressdat1_.photo as photo8_1_1_, addressdat1_.address2 as address9_1_1_, addressdat1_.email2 as email10_1_1_, addressdat1_.email3 as email11_1_1_, addressdat1_.work as work12_1_1_ from address_in_groups addresses0_ inner join addressbook addressdat1_ on addresses0_.id=addressdat1_.id where addresses0_.group_id=?
Hibernate: select addresses0_.group_id as group_id2_0_0_, addresses0_.id as id1_0_0_, addressdat1_.id as id1_1_1_, addressdat1_.address as address2_1_1_, addressdat1_.email as email3_1_1_, addressdat1_.firstname as firstnam4_1_1_, addressdat1_.home as home5_1_1_, addressdat1_.lastname as lastname6_1_1_, addressdat1_.mobile as mobile7_1_1_, addressdat1_.photo as photo8_1_1_, addressdat1_.address2 as address9_1_1_, addressdat1_.email2 as email10_1_1_, addressdat1_.email3 as email11_1_1_, addressdat1_.work as work12_1_1_ from address_in_groups addresses0_ inner join addressbook addressdat1_ on addresses0_.id=addressdat1_.id where addresses0_.group_id=?
Hibernate: select groups0_.id as id1_0_0_, groups0_.group_id as group_id2_0_0_, groupdata1_.group_id as group_id1_2_1_, groupdata1_.group_footer as group_fo2_2_1_, groupdata1_.group_header as group_he3_2_1_, groupdata1_.group_name as group_na4_2_1_ from address_in_groups groups0_ inner join group_list groupdata1_ on groups0_.group_id=groupdata1_.group_id where groups0_.id=?
Hibernate: select groups0_.id as id1_0_0_, groups0_.group_id as group_id2_0_0_, groupdata1_.group_id as group_id1_2_1_, groupdata1_.group_footer as group_fo2_2_1_, groupdata1_.group_header as group_he3_2_1_, groupdata1_.group_name as group_na4_2_1_ from address_in_groups groups0_ inner join group_list groupdata1_ on groups0_.group_id=groupdata1_.group_id where groups0_.id=?
Hibernate: select groups0_.id as id1_0_0_, groups0_.group_id as group_id2_0_0_, groupdata1_.group_id as group_id1_2_1_, groupdata1_.group_footer as group_fo2_2_1_, groupdata1_.group_header as group_he3_2_1_, groupdata1_.group_name as group_na4_2_1_ from address_in_groups groups0_ inner join group_list groupdata1_ on groups0_.group_id=groupdata1_.group_id where groups0_.id=?
Hibernate: select groups0_.id as id1_0_0_, groups0_.group_id as group_id2_0_0_, groupdata1_.group_id as group_id1_2_1_, groupdata1_.group_footer as group_fo2_2_1_, groupdata1_.group_header as group_he3_2_1_, groupdata1_.group_name as group_na4_2_1_ from address_in_groups groups0_ inner join group_list groupdata1_ on groups0_.group_id=groupdata1_.group_id where groups0_.id=?
Hibernate: select groups0_.id as id1_0_0_, groups0_.group_id as group_id2_0_0_, groupdata1_.group_id as group_id1_2_1_, groupdata1_.group_footer as group_fo2_2_1_, groupdata1_.group_header as group_he3_2_1_, groupdata1_.group_name as group_na4_2_1_ from address_in_groups groups0_ inner join group_list groupdata1_ on groups0_.group_id=groupdata1_.group_id where groups0_.id=?
Hibernate: select groups0_.id as id1_0_0_, groups0_.group_id as group_id2_0_0_, groupdata1_.group_id as group_id1_2_1_, groupdata1_.group_footer as group_fo2_2_1_, groupdata1_.group_header as group_he3_2_1_, groupdata1_.group_name as group_na4_2_1_ from address_in_groups groups0_ inner join group_list groupdata1_ on groups0_.group_id=groupdata1_.group_id where groups0_.id=?
Hibernate: select groups0_.id as id1_0_0_, groups0_.group_id as group_id2_0_0_, groupdata1_.group_id as group_id1_2_1_, groupdata1_.group_footer as group_fo2_2_1_, groupdata1_.group_header as group_he3_2_1_, groupdata1_.group_name as group_na4_2_1_ from address_in_groups groups0_ inner join group_list groupdata1_ on groups0_.group_id=groupdata1_.group_id where groups0_.id=?
Hibernate: select groups0_.id as id1_0_0_, groups0_.group_id as group_id2_0_0_, groupdata1_.group_id as group_id1_2_1_, groupdata1_.group_footer as group_fo2_2_1_, groupdata1_.group_header as group_he3_2_1_, groupdata1_.group_name as group_na4_2_1_ from address_in_groups groups0_ inner join group_list groupdata1_ on groups0_.group_id=groupdata1_.group_id where groups0_.id=?
Hibernate: select addresses0_.group_id as group_id2_0_0_, addresses0_.id as id1_0_0_, addressdat1_.id as id1_1_1_, addressdat1_.address as address2_1_1_, addressdat1_.email as email3_1_1_, addressdat1_.firstname as firstnam4_1_1_, addressdat1_.home as home5_1_1_, addressdat1_.lastname as lastname6_1_1_, addressdat1_.mobile as mobile7_1_1_, addressdat1_.photo as photo8_1_1_, addressdat1_.address2 as address9_1_1_, addressdat1_.email2 as email10_1_1_, addressdat1_.email3 as email11_1_1_, addressdat1_.work as work12_1_1_ from address_in_groups addresses0_ inner join addressbook addressdat1_ on addresses0_.id=addressdat1_.id where addresses0_.group_id=?
Hibernate: select groups0_.id as id1_0_0_, groups0_.group_id as group_id2_0_0_, groupdata1_.group_id as group_id1_2_1_, groupdata1_.group_footer as group_fo2_2_1_, groupdata1_.group_header as group_he3_2_1_, groupdata1_.group_name as group_na4_2_1_ from address_in_groups groups0_ inner join group_list groupdata1_ on groups0_.group_id=groupdata1_.group_id where groups0_.id=?
Hibernate: select groups0_.id as id1_0_0_, groups0_.group_id as group_id2_0_0_, groupdata1_.group_id as group_id1_2_1_, groupdata1_.group_footer as group_fo2_2_1_, groupdata1_.group_header as group_he3_2_1_, groupdata1_.group_name as group_na4_2_1_ from address_in_groups groups0_ inner join group_list groupdata1_ on groups0_.group_id=groupdata1_.group_id where groups0_.id=?
Hibernate: select groups0_.id as id1_0_0_, groups0_.group_id as group_id2_0_0_, groupdata1_.group_id as group_id1_2_1_, groupdata1_.group_footer as group_fo2_2_1_, groupdata1_.group_header as group_he3_2_1_, groupdata1_.group_name as group_na4_2_1_ from address_in_groups groups0_ inner join group_list groupdata1_ on groups0_.group_id=groupdata1_.group_id where groups0_.id=?
Hibernate: select groupdata0_.group_id as group_id1_2_, groupdata0_.group_footer as group_fo2_2_, groupdata0_.group_header as group_he3_2_, groupdata0_.group_name as group_na4_2_ from group_list groupdata0_
Hibernate: select addresses0_.group_id as group_id2_0_0_, addresses0_.id as id1_0_0_, addressdat1_.id as id1_1_1_, addressdat1_.address as address2_1_1_, addressdat1_.email as email3_1_1_, addressdat1_.firstname as firstnam4_1_1_, addressdat1_.home as home5_1_1_, addressdat1_.lastname as lastname6_1_1_, addressdat1_.mobile as mobile7_1_1_, addressdat1_.photo as photo8_1_1_, addressdat1_.address2 as address9_1_1_, addressdat1_.email2 as email10_1_1_, addressdat1_.email3 as email11_1_1_, addressdat1_.work as work12_1_1_ from address_in_groups addresses0_ inner join addressbook addressdat1_ on addresses0_.id=addressdat1_.id where addresses0_.group_id=?
Hibernate: select addresses0_.group_id as group_id2_0_0_, addresses0_.id as id1_0_0_, addressdat1_.id as id1_1_1_, addressdat1_.address as address2_1_1_, addressdat1_.email as email3_1_1_, addressdat1_.firstname as firstnam4_1_1_, addressdat1_.home as home5_1_1_, addressdat1_.lastname as lastname6_1_1_, addressdat1_.mobile as mobile7_1_1_, addressdat1_.photo as photo8_1_1_, addressdat1_.address2 as address9_1_1_, addressdat1_.email2 as email10_1_1_, addressdat1_.email3 as email11_1_1_, addressdat1_.work as work12_1_1_ from address_in_groups addresses0_ inner join addressbook addressdat1_ on addresses0_.id=addressdat1_.id where addresses0_.group_id=?
Hibernate: select addresses0_.group_id as group_id2_0_0_, addresses0_.id as id1_0_0_, addressdat1_.id as id1_1_1_, addressdat1_.address as address2_1_1_, addressdat1_.email as email3_1_1_, addressdat1_.firstname as firstnam4_1_1_, addressdat1_.home as home5_1_1_, addressdat1_.lastname as lastname6_1_1_, addressdat1_.mobile as mobile7_1_1_, addressdat1_.photo as photo8_1_1_, addressdat1_.address2 as address9_1_1_, addressdat1_.email2 as email10_1_1_, addressdat1_.email3 as email11_1_1_, addressdat1_.work as work12_1_1_ from address_in_groups addresses0_ inner join addressbook addressdat1_ on addresses0_.id=addressdat1_.id where addresses0_.group_id=?
Hibernate: select addresses0_.group_id as group_id2_0_0_, addresses0_.id as id1_0_0_, addressdat1_.id as id1_1_1_, addressdat1_.address as address2_1_1_, addressdat1_.email as email3_1_1_, addressdat1_.firstname as firstnam4_1_1_, addressdat1_.home as home5_1_1_, addressdat1_.lastname as lastname6_1_1_, addressdat1_.mobile as mobile7_1_1_, addressdat1_.photo as photo8_1_1_, addressdat1_.address2 as address9_1_1_, addressdat1_.email2 as email10_1_1_, addressdat1_.email3 as email11_1_1_, addressdat1_.work as work12_1_1_ from address_in_groups addresses0_ inner join addressbook addressdat1_ on addresses0_.id=addressdat1_.id where addresses0_.group_id=?
Hibernate: select addresses0_.group_id as group_id2_0_0_, addresses0_.id as id1_0_0_, addressdat1_.id as id1_1_1_, addressdat1_.address as address2_1_1_, addressdat1_.email as email3_1_1_, addressdat1_.firstname as firstnam4_1_1_, addressdat1_.home as home5_1_1_, addressdat1_.lastname as lastname6_1_1_, addressdat1_.mobile as mobile7_1_1_, addressdat1_.photo as photo8_1_1_, addressdat1_.address2 as address9_1_1_, addressdat1_.email2 as email10_1_1_, addressdat1_.email3 as email11_1_1_, addressdat1_.work as work12_1_1_ from address_in_groups addresses0_ inner join addressbook addressdat1_ on addresses0_.id=addressdat1_.id where addresses0_.group_id=?
Hibernate: select addresses0_.group_id as group_id2_0_0_, addresses0_.id as id1_0_0_, addressdat1_.id as id1_1_1_, addressdat1_.address as address2_1_1_, addressdat1_.email as email3_1_1_, addressdat1_.firstname as firstnam4_1_1_, addressdat1_.home as home5_1_1_, addressdat1_.lastname as lastname6_1_1_, addressdat1_.mobile as mobile7_1_1_, addressdat1_.photo as photo8_1_1_, addressdat1_.address2 as address9_1_1_, addressdat1_.email2 as email10_1_1_, addressdat1_.email3 as email11_1_1_, addressdat1_.work as work12_1_1_ from address_in_groups addresses0_ inner join addressbook addressdat1_ on addresses0_.id=addressdat1_.id where addresses0_.group_id=?
Hibernate: select addresses0_.group_id as group_id2_0_0_, addresses0_.id as id1_0_0_, addressdat1_.id as id1_1_1_, addressdat1_.address as address2_1_1_, addressdat1_.email as email3_1_1_, addressdat1_.firstname as firstnam4_1_1_, addressdat1_.home as home5_1_1_, addressdat1_.lastname as lastname6_1_1_, addressdat1_.mobile as mobile7_1_1_, addressdat1_.photo as photo8_1_1_, addressdat1_.address2 as address9_1_1_, addressdat1_.email2 as email10_1_1_, addressdat1_.email3 as email11_1_1_, addressdat1_.work as work12_1_1_ from address_in_groups addresses0_ inner join addressbook addressdat1_ on addresses0_.id=addressdat1_.id where addresses0_.group_id=?
Hibernate: select addresses0_.group_id as group_id2_0_0_, addresses0_.id as id1_0_0_, addressdat1_.id as id1_1_1_, addressdat1_.address as address2_1_1_, addressdat1_.email as email3_1_1_, addressdat1_.firstname as firstnam4_1_1_, addressdat1_.home as home5_1_1_, addressdat1_.lastname as lastname6_1_1_, addressdat1_.mobile as mobile7_1_1_, addressdat1_.photo as photo8_1_1_, addressdat1_.address2 as address9_1_1_, addressdat1_.email2 as email10_1_1_, addressdat1_.email3 as email11_1_1_, addressdat1_.work as work12_1_1_ from address_in_groups addresses0_ inner join addressbook addressdat1_ on addresses0_.id=addressdat1_.id where addresses0_.group_id=?
Hibernate: select addresses0_.group_id as group_id2_0_0_, addresses0_.id as id1_0_0_, addressdat1_.id as id1_1_1_, addressdat1_.address as address2_1_1_, addressdat1_.email as email3_1_1_, addressdat1_.firstname as firstnam4_1_1_, addressdat1_.home as home5_1_1_, addressdat1_.lastname as lastname6_1_1_, addressdat1_.mobile as mobile7_1_1_, addressdat1_.photo as photo8_1_1_, addressdat1_.address2 as address9_1_1_, addressdat1_.email2 as email10_1_1_, addressdat1_.email3 as email11_1_1_, addressdat1_.work as work12_1_1_ from address_in_groups addresses0_ inner join addressbook addressdat1_ on addresses0_.id=addressdat1_.id where addresses0_.group_id=?
Hibernate: select addresses0_.group_id as group_id2_0_0_, addresses0_.id as id1_0_0_, addressdat1_.id as id1_1_1_, addressdat1_.address as address2_1_1_, addressdat1_.email as email3_1_1_, addressdat1_.firstname as firstnam4_1_1_, addressdat1_.home as home5_1_1_, addressdat1_.lastname as lastname6_1_1_, addressdat1_.mobile as mobile7_1_1_, addressdat1_.photo as photo8_1_1_, addressdat1_.address2 as address9_1_1_, addressdat1_.email2 as email10_1_1_, addressdat1_.email3 as email11_1_1_, addressdat1_.work as work12_1_1_ from address_in_groups addresses0_ inner join addressbook addressdat1_ on addresses0_.id=addressdat1_.id where addresses0_.group_id=?
Hibernate: select addresses0_.group_id as group_id2_0_0_, addresses0_.id as id1_0_0_, addressdat1_.id as id1_1_1_, addressdat1_.address as address2_1_1_, addressdat1_.email as email3_1_1_, addressdat1_.firstname as firstnam4_1_1_, addressdat1_.home as home5_1_1_, addressdat1_.lastname as lastname6_1_1_, addressdat1_.mobile as mobile7_1_1_, addressdat1_.photo as photo8_1_1_, addressdat1_.address2 as address9_1_1_, addressdat1_.email2 as email10_1_1_, addressdat1_.email3 as email11_1_1_, addressdat1_.work as work12_1_1_ from address_in_groups addresses0_ inner join addressbook addressdat1_ on addresses0_.id=addressdat1_.id where addresses0_.group_id=?
Hibernate: select addresses0_.group_id as group_id2_0_0_, addresses0_.id as id1_0_0_, addressdat1_.id as id1_1_1_, addressdat1_.address as address2_1_1_, addressdat1_.email as email3_1_1_, addressdat1_.firstname as firstnam4_1_1_, addressdat1_.home as home5_1_1_, addressdat1_.lastname as lastname6_1_1_, addressdat1_.mobile as mobile7_1_1_, addressdat1_.photo as photo8_1_1_, addressdat1_.address2 as address9_1_1_, addressdat1_.email2 as email10_1_1_, addressdat1_.email3 as email11_1_1_, addressdat1_.work as work12_1_1_ from address_in_groups addresses0_ inner join addressbook addressdat1_ on addresses0_.id=addressdat1_.id where addresses0_.group_id=?
Hibernate: select addresses0_.group_id as group_id2_0_0_, addresses0_.id as id1_0_0_, addressdat1_.id as id1_1_1_, addressdat1_.address as address2_1_1_, addressdat1_.email as email3_1_1_, addressdat1_.firstname as firstnam4_1_1_, addressdat1_.home as home5_1_1_, addressdat1_.lastname as lastname6_1_1_, addressdat1_.mobile as mobile7_1_1_, addressdat1_.photo as photo8_1_1_, addressdat1_.address2 as address9_1_1_, addressdat1_.email2 as email10_1_1_, addressdat1_.email3 as email11_1_1_, addressdat1_.work as work12_1_1_ from address_in_groups addresses0_ inner join addressbook addressdat1_ on addresses0_.id=addressdat1_.id where addresses0_.group_id=?
Hibernate: select addresses0_.group_id as group_id2_0_0_, addresses0_.id as id1_0_0_, addressdat1_.id as id1_1_1_, addressdat1_.address as address2_1_1_, addressdat1_.email as email3_1_1_, addressdat1_.firstname as firstnam4_1_1_, addressdat1_.home as home5_1_1_, addressdat1_.lastname as lastname6_1_1_, addressdat1_.mobile as mobile7_1_1_, addressdat1_.photo as photo8_1_1_, addressdat1_.address2 as address9_1_1_, addressdat1_.email2 as email10_1_1_, addressdat1_.email3 as email11_1_1_, addressdat1_.work as work12_1_1_ from address_in_groups addresses0_ inner join addressbook addressdat1_ on addresses0_.id=addressdat1_.id where addresses0_.group_id=?
Hibernate: select addresses0_.group_id as group_id2_0_0_, addresses0_.id as id1_0_0_, addressdat1_.id as id1_1_1_, addressdat1_.address as address2_1_1_, addressdat1_.email as email3_1_1_, addressdat1_.firstname as firstnam4_1_1_, addressdat1_.home as home5_1_1_, addressdat1_.lastname as lastname6_1_1_, addressdat1_.mobile as mobile7_1_1_, addressdat1_.photo as photo8_1_1_, addressdat1_.address2 as address9_1_1_, addressdat1_.email2 as email10_1_1_, addressdat1_.email3 as email11_1_1_, addressdat1_.work as work12_1_1_ from address_in_groups addresses0_ inner join addressbook addressdat1_ on addresses0_.id=addressdat1_.id where addresses0_.group_id=?
Hibernate: select groups0_.id as id1_0_0_, groups0_.group_id as group_id2_0_0_, groupdata1_.group_id as group_id1_2_1_, groupdata1_.group_footer as group_fo2_2_1_, groupdata1_.group_header as group_he3_2_1_, groupdata1_.group_name as group_na4_2_1_ from address_in_groups groups0_ inner join group_list groupdata1_ on groups0_.group_id=groupdata1_.group_id where groups0_.id=?
Hibernate: select groups0_.id as id1_0_0_, groups0_.group_id as group_id2_0_0_, groupdata1_.group_id as group_id1_2_1_, groupdata1_.group_footer as group_fo2_2_1_, groupdata1_.group_header as group_he3_2_1_, groupdata1_.group_name as group_na4_2_1_ from address_in_groups groups0_ inner join group_list groupdata1_ on groups0_.group_id=groupdata1_.group_id where groups0_.id=?
Hibernate: select groups0_.id as id1_0_0_, groups0_.group_id as group_id2_0_0_, groupdata1_.group_id as group_id1_2_1_, groupdata1_.group_footer as group_fo2_2_1_, groupdata1_.group_header as group_he3_2_1_, groupdata1_.group_name as group_na4_2_1_ from address_in_groups groups0_ inner join group_list groupdata1_ on groups0_.group_id=groupdata1_.group_id where groups0_.id=?
Hibernate: select groups0_.id as id1_0_0_, groups0_.group_id as group_id2_0_0_, groupdata1_.group_id as group_id1_2_1_, groupdata1_.group_footer as group_fo2_2_1_, groupdata1_.group_header as group_he3_2_1_, groupdata1_.group_name as group_na4_2_1_ from address_in_groups groups0_ inner join group_list groupdata1_ on groups0_.group_id=groupdata1_.group_id where groups0_.id=?
Hibernate: select groups0_.id as id1_0_0_, groups0_.group_id as group_id2_0_0_, groupdata1_.group_id as group_id1_2_1_, groupdata1_.group_footer as group_fo2_2_1_, groupdata1_.group_header as group_he3_2_1_, groupdata1_.group_name as group_na4_2_1_ from address_in_groups groups0_ inner join group_list groupdata1_ on groups0_.group_id=groupdata1_.group_id where groups0_.id=?
Hibernate: select groups0_.id as id1_0_0_, groups0_.group_id as group_id2_0_0_, groupdata1_.group_id as group_id1_2_1_, groupdata1_.group_footer as group_fo2_2_1_, groupdata1_.group_header as group_he3_2_1_, groupdata1_.group_name as group_na4_2_1_ from address_in_groups groups0_ inner join group_list groupdata1_ on groups0_.group_id=groupdata1_.group_id where groups0_.id=?
Hibernate: select groups0_.id as id1_0_0_, groups0_.group_id as group_id2_0_0_, groupdata1_.group_id as group_id1_2_1_, groupdata1_.group_footer as group_fo2_2_1_, groupdata1_.group_header as group_he3_2_1_, groupdata1_.group_name as group_na4_2_1_ from address_in_groups groups0_ inner join group_list groupdata1_ on groups0_.group_id=groupdata1_.group_id where groups0_.id=?
Hibernate: select groups0_.id as id1_0_0_, groups0_.group_id as group_id2_0_0_, groupdata1_.group_id as group_id1_2_1_, groupdata1_.group_footer as group_fo2_2_1_, groupdata1_.group_header as group_he3_2_1_, groupdata1_.group_name as group_na4_2_1_ from address_in_groups groups0_ inner join group_list groupdata1_ on groups0_.group_id=groupdata1_.group_id where groups0_.id=?
Hibernate: select addresses0_.group_id as group_id2_0_0_, addresses0_.id as id1_0_0_, addressdat1_.id as id1_1_1_, addressdat1_.address as address2_1_1_, addressdat1_.email as email3_1_1_, addressdat1_.firstname as firstnam4_1_1_, addressdat1_.home as home5_1_1_, addressdat1_.lastname as lastname6_1_1_, addressdat1_.mobile as mobile7_1_1_, addressdat1_.photo as photo8_1_1_, addressdat1_.address2 as address9_1_1_, addressdat1_.email2 as email10_1_1_, addressdat1_.email3 as email11_1_1_, addressdat1_.work as work12_1_1_ from address_in_groups addresses0_ inner join addressbook addressdat1_ on addresses0_.id=addressdat1_.id where addresses0_.group_id=?
Hibernate: select groups0_.id as id1_0_0_, groups0_.group_id as group_id2_0_0_, groupdata1_.group_id as group_id1_2_1_, groupdata1_.group_footer as group_fo2_2_1_, groupdata1_.group_header as group_he3_2_1_, groupdata1_.group_name as group_na4_2_1_ from address_in_groups groups0_ inner join group_list groupdata1_ on groups0_.group_id=groupdata1_.group_id where groups0_.id=?
Hibernate: select groups0_.id as id1_0_0_, groups0_.group_id as group_id2_0_0_, groupdata1_.group_id as group_id1_2_1_, groupdata1_.group_footer as group_fo2_2_1_, groupdata1_.group_header as group_he3_2_1_, groupdata1_.group_name as group_na4_2_1_ from address_in_groups groups0_ inner join group_list groupdata1_ on groups0_.group_id=groupdata1_.group_id where groups0_.id=?
Hibernate: select groups0_.id as id1_0_0_, groups0_.group_id as group_id2_0_0_, groupdata1_.group_id as group_id1_2_1_, groupdata1_.group_footer as group_fo2_2_1_, groupdata1_.group_header as group_he3_2_1_, groupdata1_.group_name as group_na4_2_1_ from address_in_groups groups0_ inner join group_list groupdata1_ on groups0_.group_id=groupdata1_.group_id where groups0_.id=?
Hibernate: select groupdata0_.group_id as group_id1_2_, groupdata0_.group_footer as group_fo2_2_, groupdata0_.group_header as group_he3_2_, groupdata0_.group_name as group_na4_2_ from group_list groupdata0_
Hibernate: select addresses0_.group_id as group_id2_0_0_, addresses0_.id as id1_0_0_, addressdat1_.id as id1_1_1_, addressdat1_.address as address2_1_1_, addressdat1_.email as email3_1_1_, addressdat1_.firstname as firstnam4_1_1_, addressdat1_.home as home5_1_1_, addressdat1_.lastname as lastname6_1_1_, addressdat1_.mobile as mobile7_1_1_, addressdat1_.photo as photo8_1_1_, addressdat1_.address2 as address9_1_1_, addressdat1_.email2 as email10_1_1_, addressdat1_.email3 as email11_1_1_, addressdat1_.work as work12_1_1_ from address_in_groups addresses0_ inner join addressbook addressdat1_ on addresses0_.id=addressdat1_.id where addresses0_.group_id=?
Hibernate: select addresses0_.group_id as group_id2_0_0_, addresses0_.id as id1_0_0_, addressdat1_.id as id1_1_1_, addressdat1_.address as address2_1_1_, addressdat1_.email as email3_1_1_, addressdat1_.firstname as firstnam4_1_1_, addressdat1_.home as home5_1_1_, addressdat1_.lastname as lastname6_1_1_, addressdat1_.mobile as mobile7_1_1_, addressdat1_.photo as photo8_1_1_, addressdat1_.address2 as address9_1_1_, addressdat1_.email2 as email10_1_1_, addressdat1_.email3 as email11_1_1_, addressdat1_.work as work12_1_1_ from address_in_groups addresses0_ inner join addressbook addressdat1_ on addresses0_.id=addressdat1_.id where addresses0_.group_id=?
Hibernate: select addresses0_.group_id as group_id2_0_0_, addresses0_.id as id1_0_0_, addressdat1_.id as id1_1_1_, addressdat1_.address as address2_1_1_, addressdat1_.email as email3_1_1_, addressdat1_.firstname as firstnam4_1_1_, addressdat1_.home as home5_1_1_, addressdat1_.lastname as lastname6_1_1_, addressdat1_.mobile as mobile7_1_1_, addressdat1_.photo as photo8_1_1_, addressdat1_.address2 as address9_1_1_, addressdat1_.email2 as email10_1_1_, addressdat1_.email3 as email11_1_1_, addressdat1_.work as work12_1_1_ from address_in_groups addresses0_ inner join addressbook addressdat1_ on addresses0_.id=addressdat1_.id where addresses0_.group_id=?
Hibernate: select addresses0_.group_id as group_id2_0_0_, addresses0_.id as id1_0_0_, addressdat1_.id as id1_1_1_, addressdat1_.address as address2_1_1_, addressdat1_.email as email3_1_1_, addressdat1_.firstname as firstnam4_1_1_, addressdat1_.home as home5_1_1_, addressdat1_.lastname as lastname6_1_1_, addressdat1_.mobile as mobile7_1_1_, addressdat1_.photo as photo8_1_1_, addressdat1_.address2 as address9_1_1_, addressdat1_.email2 as email10_1_1_, addressdat1_.email3 as email11_1_1_, addressdat1_.work as work12_1_1_ from address_in_groups addresses0_ inner join addressbook addressdat1_ on addresses0_.id=addressdat1_.id where addresses0_.group_id=?
Hibernate: select addresses0_.group_id as group_id2_0_0_, addresses0_.id as id1_0_0_, addressdat1_.id as id1_1_1_, addressdat1_.address as address2_1_1_, addressdat1_.email as email3_1_1_, addressdat1_.firstname as firstnam4_1_1_, addressdat1_.home as home5_1_1_, addressdat1_.lastname as lastname6_1_1_, addressdat1_.mobile as mobile7_1_1_, addressdat1_.photo as photo8_1_1_, addressdat1_.address2 as address9_1_1_, addressdat1_.email2 as email10_1_1_, addressdat1_.email3 as email11_1_1_, addressdat1_.work as work12_1_1_ from address_in_groups addresses0_ inner join addressbook addressdat1_ on addresses0_.id=addressdat1_.id where addresses0_.group_id=?
Hibernate: select addresses0_.group_id as group_id2_0_0_, addresses0_.id as id1_0_0_, addressdat1_.id as id1_1_1_, addressdat1_.address as address2_1_1_, addressdat1_.email as email3_1_1_, addressdat1_.firstname as firstnam4_1_1_, addressdat1_.home as home5_1_1_, addressdat1_.lastname as lastname6_1_1_, addressdat1_.mobile as mobile7_1_1_, addressdat1_.photo as photo8_1_1_, addressdat1_.address2 as address9_1_1_, addressdat1_.email2 as email10_1_1_, addressdat1_.email3 as email11_1_1_, addressdat1_.work as work12_1_1_ from address_in_groups addresses0_ inner join addressbook addressdat1_ on addresses0_.id=addressdat1_.id where addresses0_.group_id=?
Hibernate: select addresses0_.group_id as group_id2_0_0_, addresses0_.id as id1_0_0_, addressdat1_.id as id1_1_1_, addressdat1_.address as address2_1_1_, addressdat1_.email as email3_1_1_, addressdat1_.firstname as firstnam4_1_1_, addressdat1_.home as home5_1_1_, addressdat1_.lastname as lastname6_1_1_, addressdat1_.mobile as mobile7_1_1_, addressdat1_.photo as photo8_1_1_, addressdat1_.address2 as address9_1_1_, addressdat1_.email2 as email10_1_1_, addressdat1_.email3 as email11_1_1_, addressdat1_.work as work12_1_1_ from address_in_groups addresses0_ inner join addressbook addressdat1_ on addresses0_.id=addressdat1_.id where addresses0_.group_id=?
Hibernate: select addresses0_.group_id as group_id2_0_0_, addresses0_.id as id1_0_0_, addressdat1_.id as id1_1_1_, addressdat1_.address as address2_1_1_, addressdat1_.email as email3_1_1_, addressdat1_.firstname as firstnam4_1_1_, addressdat1_.home as home5_1_1_, addressdat1_.lastname as lastname6_1_1_, addressdat1_.mobile as mobile7_1_1_, addressdat1_.photo as photo8_1_1_, addressdat1_.address2 as address9_1_1_, addressdat1_.email2 as email10_1_1_, addressdat1_.email3 as email11_1_1_, addressdat1_.work as work12_1_1_ from address_in_groups addresses0_ inner join addressbook addressdat1_ on addresses0_.id=addressdat1_.id where addresses0_.group_id=?
Hibernate: select addresses0_.group_id as group_id2_0_0_, addresses0_.id as id1_0_0_, addressdat1_.id as id1_1_1_, addressdat1_.address as address2_1_1_, addressdat1_.email as email3_1_1_, addressdat1_.firstname as firstnam4_1_1_, addressdat1_.home as home5_1_1_, addressdat1_.lastname as lastname6_1_1_, addressdat1_.mobile as mobile7_1_1_, addressdat1_.photo as photo8_1_1_, addressdat1_.address2 as address9_1_1_, addressdat1_.email2 as email10_1_1_, addressdat1_.email3 as email11_1_1_, addressdat1_.work as work12_1_1_ from address_in_groups addresses0_ inner join addressbook addressdat1_ on addresses0_.id=addressdat1_.id where addresses0_.group_id=?
Hibernate: select addresses0_.group_id as group_id2_0_0_, addresses0_.id as id1_0_0_, addressdat1_.id as id1_1_1_, addressdat1_.address as address2_1_1_, addressdat1_.email as email3_1_1_, addressdat1_.firstname as firstnam4_1_1_, addressdat1_.home as home5_1_1_, addressdat1_.lastname as lastname6_1_1_, addressdat1_.mobile as mobile7_1_1_, addressdat1_.photo as photo8_1_1_, addressdat1_.address2 as address9_1_1_, addressdat1_.email2 as email10_1_1_, addressdat1_.email3 as email11_1_1_, addressdat1_.work as work12_1_1_ from address_in_groups addresses0_ inner join addressbook addressdat1_ on addresses0_.id=addressdat1_.id where addresses0_.group_id=?
Hibernate: select addresses0_.group_id as group_id2_0_0_, addresses0_.id as id1_0_0_, addressdat1_.id as id1_1_1_, addressdat1_.address as address2_1_1_, addressdat1_.email as email3_1_1_, addressdat1_.firstname as firstnam4_1_1_, addressdat1_.home as home5_1_1_, addressdat1_.lastname as lastname6_1_1_, addressdat1_.mobile as mobile7_1_1_, addressdat1_.photo as photo8_1_1_, addressdat1_.address2 as address9_1_1_, addressdat1_.email2 as email10_1_1_, addressdat1_.email3 as email11_1_1_, addressdat1_.work as work12_1_1_ from address_in_groups addresses0_ inner join addressbook addressdat1_ on addresses0_.id=addressdat1_.id where addresses0_.group_id=?
Hibernate: select addresses0_.group_id as group_id2_0_0_, addresses0_.id as id1_0_0_, addressdat1_.id as id1_1_1_, addressdat1_.address as address2_1_1_, addressdat1_.email as email3_1_1_, addressdat1_.firstname as firstnam4_1_1_, addressdat1_.home as home5_1_1_, addressdat1_.lastname as lastname6_1_1_, addressdat1_.mobile as mobile7_1_1_, addressdat1_.photo as photo8_1_1_, addressdat1_.address2 as address9_1_1_, addressdat1_.email2 as email10_1_1_, addressdat1_.email3 as email11_1_1_, addressdat1_.work as work12_1_1_ from address_in_groups addresses0_ inner join addressbook addressdat1_ on addresses0_.id=addressdat1_.id where addresses0_.group_id=?
Hibernate: select addresses0_.group_id as group_id2_0_0_, addresses0_.id as id1_0_0_, addressdat1_.id as id1_1_1_, addressdat1_.address as address2_1_1_, addressdat1_.email as email3_1_1_, addressdat1_.firstname as firstnam4_1_1_, addressdat1_.home as home5_1_1_, addressdat1_.lastname as lastname6_1_1_, addressdat1_.mobile as mobile7_1_1_, addressdat1_.photo as photo8_1_1_, addressdat1_.address2 as address9_1_1_, addressdat1_.email2 as email10_1_1_, addressdat1_.email3 as email11_1_1_, addressdat1_.work as work12_1_1_ from address_in_groups addresses0_ inner join addressbook addressdat1_ on addresses0_.id=addressdat1_.id where addresses0_.group_id=?
Hibernate: select addresses0_.group_id as group_id2_0_0_, addresses0_.id as id1_0_0_, addressdat1_.id as id1_1_1_, addressdat1_.address as address2_1_1_, addressdat1_.email as email3_1_1_, addressdat1_.firstname as firstnam4_1_1_, addressdat1_.home as home5_1_1_, addressdat1_.lastname as lastname6_1_1_, addressdat1_.mobile as mobile7_1_1_, addressdat1_.photo as photo8_1_1_, addressdat1_.address2 as address9_1_1_, addressdat1_.email2 as email10_1_1_, addressdat1_.email3 as email11_1_1_, addressdat1_.work as work12_1_1_ from address_in_groups addresses0_ inner join addressbook addressdat1_ on addresses0_.id=addressdat1_.id where addresses0_.group_id=?
Hibernate: select addresses0_.group_id as group_id2_0_0_, addresses0_.id as id1_0_0_, addressdat1_.id as id1_1_1_, addressdat1_.address as address2_1_1_, addressdat1_.email as email3_1_1_, addressdat1_.firstname as firstnam4_1_1_, addressdat1_.home as home5_1_1_, addressdat1_.lastname as lastname6_1_1_, addressdat1_.mobile as mobile7_1_1_, addressdat1_.photo as photo8_1_1_, addressdat1_.address2 as address9_1_1_, addressdat1_.email2 as email10_1_1_, addressdat1_.email3 as email11_1_1_, addressdat1_.work as work12_1_1_ from address_in_groups addresses0_ inner join addressbook addressdat1_ on addresses0_.id=addressdat1_.id where addresses0_.group_id=?
Hibernate: select groups0_.id as id1_0_0_, groups0_.group_id as group_id2_0_0_, groupdata1_.group_id as group_id1_2_1_, groupdata1_.group_footer as group_fo2_2_1_, groupdata1_.group_header as group_he3_2_1_, groupdata1_.group_name as group_na4_2_1_ from address_in_groups groups0_ inner join group_list groupdata1_ on groups0_.group_id=groupdata1_.group_id where groups0_.id=?
Hibernate: select groups0_.id as id1_0_0_, groups0_.group_id as group_id2_0_0_, groupdata1_.group_id as group_id1_2_1_, groupdata1_.group_footer as group_fo2_2_1_, groupdata1_.group_header as group_he3_2_1_, groupdata1_.group_name as group_na4_2_1_ from address_in_groups groups0_ inner join group_list groupdata1_ on groups0_.group_id=groupdata1_.group_id where groups0_.id=?
Hibernate: select groups0_.id as id1_0_0_, groups0_.group_id as group_id2_0_0_, groupdata1_.group_id as group_id1_2_1_, groupdata1_.group_footer as group_fo2_2_1_, groupdata1_.group_header as group_he3_2_1_, groupdata1_.group_name as group_na4_2_1_ from address_in_groups groups0_ inner join group_list groupdata1_ on groups0_.group_id=groupdata1_.group_id where groups0_.id=?
Hibernate: select groups0_.id as id1_0_0_, groups0_.group_id as group_id2_0_0_, groupdata1_.group_id as group_id1_2_1_, groupdata1_.group_footer as group_fo2_2_1_, groupdata1_.group_header as group_he3_2_1_, groupdata1_.group_name as group_na4_2_1_ from address_in_groups groups0_ inner join group_list groupdata1_ on groups0_.group_id=groupdata1_.group_id where groups0_.id=?
Hibernate: select groups0_.id as id1_0_0_, groups0_.group_id as group_id2_0_0_, groupdata1_.group_id as group_id1_2_1_, groupdata1_.group_footer as group_fo2_2_1_, groupdata1_.group_header as group_he3_2_1_, groupdata1_.group_name as group_na4_2_1_ from address_in_groups groups0_ inner join group_list groupdata1_ on groups0_.group_id=groupdata1_.group_id where groups0_.id=?
Hibernate: select groups0_.id as id1_0_0_, groups0_.group_id as group_id2_0_0_, groupdata1_.group_id as group_id1_2_1_, groupdata1_.group_footer as group_fo2_2_1_, groupdata1_.group_header as group_he3_2_1_, groupdata1_.group_name as group_na4_2_1_ from address_in_groups groups0_ inner join group_list groupdata1_ on groups0_.group_id=groupdata1_.group_id where groups0_.id=?
Hibernate: select groups0_.id as id1_0_0_, groups0_.group_id as group_id2_0_0_, groupdata1_.group_id as group_id1_2_1_, groupdata1_.group_footer as group_fo2_2_1_, groupdata1_.group_header as group_he3_2_1_, groupdata1_.group_name as group_na4_2_1_ from address_in_groups groups0_ inner join group_list groupdata1_ on groups0_.group_id=groupdata1_.group_id where groups0_.id=?
Hibernate: select groups0_.id as id1_0_0_, groups0_.group_id as group_id2_0_0_, groupdata1_.group_id as group_id1_2_1_, groupdata1_.group_footer as group_fo2_2_1_, groupdata1_.group_header as group_he3_2_1_, groupdata1_.group_name as group_na4_2_1_ from address_in_groups groups0_ inner join group_list groupdata1_ on groups0_.group_id=groupdata1_.group_id where groups0_.id=?
]]></system-out>
  <system-err><![CDATA[]]></system-err>
</testsuite>
